[2019-03-03 00:07:34Z] 0000000E-AgebullMac:Background:4A3H-1-FFUUBF9MG9-FUR02DNLB0 > 
ReadEntity : over flow * GovernmentAreaData

[2019-03-03 00:07:34Z] 00000010-AgebullMac:Background:4A3H-1-FVTT0DK2MY-AYYiK9PESP > 
ReadEntity : over flow * OrganizationData

[2019-03-03 00:07:36Z] 000000DB-AgebullMac:Background:4A3H-7-G5URATSKYR-56ERCK38VF > 
Summary : Station no find

[2019-03-03 00:07:36Z] 000000DF-AgebullMac:Background:4A3H-7-R0EHNJR0KU-FSYPPR2Hi3 > 
Summary : OnObjectFailed

[2019-03-03 00:11:54Z] 0000014E-AgebullMac:Background:4A3H-15-#CE095406A647482BA68E0EC340BD7A27-9KMB96-#CE095406A647482BA68E0EC340BD7A27-9KMB96 > 
系统错误
MySql.Data.MySqlClient.MySqlException (0x80004005): Duplicate entry '0' for key 'PRIMARY'
   at MySql.Data.MySqlClient.MySqlStream.ReadPacket()
   at MySql.Data.MySqlClient.NativeDriver.GetResult(Int32& affectedRow, Int64& insertedId)
   at MySql.Data.MySqlClient.Driver.NextResult(Int32 statementId, Boolean force)
   at MySql.Data.MySqlClient.MySqlDataReader.NextResult()
   at MySql.Data.MySqlClient.MySqlCommand.ExecuteReader(CommandBehavior behavior)
   at MySql.Data.MySqlClient.MySqlCommand.ExecuteNonQuery()
   at Gboxt.Common.DataModel.MySql.MySqlTable`2.InsertInner(TData entity)
   at Gboxt.Common.DataModel.MySql.MySqlTable`2.Insert(TData entity)
   at Agebull.Common.OAuth.BusinessLogic.GovernmentAreaBusinessLogic.Import(String texts) in C:\Projects\Agebull\AgebullDesigner\demo\src\Base\Auth\Model\Business\Organization\GovernmentAreaBusinessLogic.cs:line 145
   at Agebull.Common.OAuth.WebApi.Entity.GovernmentAreaApiController.Import() in C:\Projects\Agebull\AgebullDesigner\demo\src\Base\Auth\ManageApi\GovernmentArea\GovernmentAreaApiController.cs:line 84
   at Import()
   at Agebull.ZeroNet.ZeroApi.ApiAction`1.Execute()
   at Agebull.ZeroNet.ZeroApi.ApiExecuter.ExecCommand(ApiCallItem item)

[2019-03-03 00:11:54Z] 00000150-AgebullMac:Background:4A3H-15-#CE095406A647482BA68E0EC340BD7A27-9KMB96-#CE095406A647482BA68E0EC340BD7A27-9KMB96 > 
系统错误
UserManage : sys/area/v1/edit/import * execute * {"LocalId":null,"Caller":"+>ubuntu:HttpRoute:YCQ9-UserManage-XVXX","Title":"+>ubuntu:HttpRoute:YCQ9-UserManage-XVXX","Command":"sys/area/v1/edit/import","ApiName":"sys/area/v1/edit/import","Argument":"{\"_\":\"0\",\"reg\":\"温州市 330300000000\\r\\n\\t市辖区\\t330301000000\\t\\r\\n\\t鹿城区\\t330302000000\\r\\n\\t\\t五马街道\\t330302006000\\r\\n\\t\\t\\t鼓楼居委会\\t330302006044\\t\\t\\r\\n\\t\\t\\t墨池居委会\\t330302006045\\t\\t\\r\\n\\t\\t\\t八仙楼居委会\\t330302006071\\t\\t\\r\\n\\t\\t\\t百里坊居委会\\t330302006073\\t\\t\\r\\n\\t\\t\\t安澜居委会\\t330302006097\\t\\t\\r\\n\\t\\t\\t矮凳桥居委会\\t330302006105\\t\\t\\r\\n\\t\\t\\t十八家居委会\\t330302006108\\t\\t\\r\\n\\t\\t\\t府前居委会\\t330302006109\\t\\t\\r\\n\\t\\t\\t朔门居委会\\t330302006110\\t\\t\\r\\n\\t\\t\\t谢池居委会\\t330302006111\\t\\t\\t\\r\\n\\t\\t\\t黎明西路居委会\\t330302006114\\t\\t\\r\\n\\t\\t\\t城西街居委会\\t330302006115\\t\\t\\r\\n\\t\\t\\t路湾社区\\t330302006116\\t\\t\\r\\n\\t\\t\\t乘凉社区\\t330302006117\\t\\t\\t\\r\\n\\t\\t七都街道\\t330302023000\\t\\r\\n\\t\\t滨江街道\\t330302024000\\t\\r\\n\\t\\t南汇街道\\t330302025000\\t\\r\\n\\t\\t松台街道\\t330302026000\\t\\r\\n\\t\\t双屿街道\\t330302027000\\t\\r\\n\\t\\t仰义街道\\t330302028000\\t\\r\\n\\t\\t大南街道\\t330302029000\\t\\r\\n\\t\\t蒲鞋市街道\\t330302030000\\t\\r\\n\\t\\t南郊街道\\t330302031000\\t\\r\\n\\t\\t广化街道\\t330302032000\\t\\r\\n\\t\\t丰门街道\\t330302033000\\t\\r\\n\\t\\t藤桥镇\\t330302102000\\t\\r\\n\\t\\t山福镇\\t330302105000\\t\\r\\n\\t龙湾区\\t330303000000\\t\\r\\n\\t瓯海区\\t330304000000\\t\\r\\n\\t洞头区\\t330305000000\\t\\r\\n\\t永嘉县\\t330324000000\\t\\r\\n\\t平阳县\\t330326000000\\t\\r\\n\\t苍南县\\t330327000000\\t\\r\\n\\t文成县\\t330328000000\\t\\r\\n\\t泰顺县\\t330329000000\\t\\r\\n\\t温州经济技术开发区\\t330371000000\\t\\r\\n\\t瑞安市\\t330381000000\\t\\r\\n\\t乐清市\\t330382000000\"}","Result":null,"Status":0,"Originals":{},"State":1,"Tag":0,"Head":"Kz51YnVudHU6SHR0cFJvdXRlOllDUTktVXNlck1hbmFnZS1YVlhY","GlobalId":"37436171902521449","CallId":"37436171902521447","RequestId":"#CE095406A647482BA68E0EC340BD7A27-9KMB96","Context":"{\n  \"user\": {\n    \"userId\": 1,\n    \"openId\": \"KDP9M7NQFATCS\",\n    \"roleId\": 0,\n    \"groupId\": 0,\n    \"orgId\": 0,\n    \"depId\": 0,\n    \"nickName\": \"超级用户\",\n    \"account\": \"root\",\n    \"state\": 1,\n    \"loginType\": 0,\n    \"phone\": \"root\",\n    \"os\": \"LINUX\",\n    \"app\": \"APP\",\n    \"depLevel\": 0\n  },\n  \"org\": {\n    \"orgId\": 0,\n    \"name\": null,\n    \"key\": null,\n    \"routeName\": null\n  },\n  \"req\": {\n    \"localGlobalId\": \"37436171902521447\",\n    \"service\": \"ubuntu\",\n    \"requestId\": \"#CE095406A647482BA68E0EC340BD7A27-9KMB96\",\n    \"token\": \"#CE095406A647482BA68E0EC340BD7A27\",\n    \"argumentType\": 1,\n    \"requestType\": 1,\n    \"ip\": \"192.168.1.198\",\n    \"port\": \"13854\",\n    \"userAgent\": \"Mozilla/5.0 (Windows NT 10.0; Win64; x64; rv:65.0) Gecko/20100101 Firefox/65.0\"\n  }\n}","Content":"{\"_\":\"0\",\"reg\":\"温州市 330300000000\\r\\n\\t市辖区\\t330301000000\\t\\r\\n\\t鹿城区\\t330302000000\\r\\n\\t\\t五马街道\\t330302006000\\r\\n\\t\\t\\t鼓楼居委会\\t330302006044\\t\\t\\r\\n\\t\\t\\t墨池居委会\\t330302006045\\t\\t\\r\\n\\t\\t\\t八仙楼居委会\\t330302006071\\t\\t\\r\\n\\t\\t\\t百里坊居委会\\t330302006073\\t\\t\\r\\n\\t\\t\\t安澜居委会\\t330302006097\\t\\t\\r\\n\\t\\t\\t矮凳桥居委会\\t330302006105\\t\\t\\r\\n\\t\\t\\t十八家居委会\\t330302006108\\t\\t\\r\\n\\t\\t\\t府前居委会\\t330302006109\\t\\t\\r\\n\\t\\t\\t朔门居委会\\t330302006110\\t\\t\\r\\n\\t\\t\\t谢池居委会\\t330302006111\\t\\t\\t\\r\\n\\t\\t\\t黎明西路居委会\\t330302006114\\t\\t\\r\\n\\t\\t\\t城西街居委会\\t330302006115\\t\\t\\r\\n\\t\\t\\t路湾社区\\t330302006116\\t\\t\\r\\n\\t\\t\\t乘凉社区\\t330302006117\\t\\t\\t\\r\\n\\t\\t七都街道\\t330302023000\\t\\r\\n\\t\\t滨江街道\\t330302024000\\t\\r\\n\\t\\t南汇街道\\t330302025000\\t\\r\\n\\t\\t松台街道\\t330302026000\\t\\r\\n\\t\\t双屿街道\\t330302027000\\t\\r\\n\\t\\t仰义街道\\t330302028000\\t\\r\\n\\t\\t大南街道\\t330302029000\\t\\r\\n\\t\\t蒲鞋市街道\\t330302030000\\t\\r\\n\\t\\t南郊街道\\t330302031000\\t\\r\\n\\t\\t广化街道\\t330302032000\\t\\r\\n\\t\\t丰门街道\\t330302033000\\t\\r\\n\\t\\t藤桥镇\\t330302102000\\t\\r\\n\\t\\t山福镇\\t330302105000\\t\\r\\n\\t龙湾区\\t330303000000\\t\\r\\n\\t瓯海区\\t330304000000\\t\\r\\n\\t洞头区\\t330305000000\\t\\r\\n\\t永嘉县\\t330324000000\\t\\r\\n\\t平阳县\\t330326000000\\t\\r\\n\\t苍南县\\t330327000000\\t\\r\\n\\t文成县\\t330328000000\\t\\r\\n\\t泰顺县\\t330329000000\\t\\r\\n\\t温州经济技术开发区\\t330371000000\\t\\r\\n\\t瑞安市\\t330381000000\\t\\r\\n\\t乐清市\\t330382000000\"}","CommandOrSubTitle":"sys/area/v1/edit/import","Requester":"HttpRoute","Station":null,"StationType":null}
MySql.Data.MySqlClient.MySqlException (0x80004005): Duplicate entry '0' for key 'PRIMARY'
   at MySql.Data.MySqlClient.MySqlStream.ReadPacket()
   at MySql.Data.MySqlClient.NativeDriver.GetResult(Int32& affectedRow, Int64& insertedId)
   at MySql.Data.MySqlClient.Driver.NextResult(Int32 statementId, Boolean force)
   at MySql.Data.MySqlClient.MySqlDataReader.NextResult()
   at MySql.Data.MySqlClient.MySqlCommand.ExecuteReader(CommandBehavior behavior)
   at MySql.Data.MySqlClient.MySqlCommand.ExecuteNonQuery()
   at Gboxt.Common.DataModel.MySql.MySqlTable`2.InsertInner(TData entity)
   at Gboxt.Common.DataModel.MySql.MySqlTable`2.Insert(TData entity)
   at Agebull.Common.OAuth.BusinessLogic.GovernmentAreaBusinessLogic.Import(String texts) in C:\Projects\Agebull\AgebullDesigner\demo\src\Base\Auth\Model\Business\Organization\GovernmentAreaBusinessLogic.cs:line 145
   at Agebull.Common.OAuth.WebApi.Entity.GovernmentAreaApiController.Import() in C:\Projects\Agebull\AgebullDesigner\demo\src\Base\Auth\ManageApi\GovernmentArea\GovernmentAreaApiController.cs:line 84
   at Import()
   at Agebull.ZeroNet.ZeroApi.ApiAction`1.Execute()
   at Agebull.ZeroNet.ZeroApi.ApiExecuter.ExecCommand(ApiCallItem item)

[2019-03-03 00:12:19Z] 0000000E-AgebullMac:Background:EAEH-1-3FXU1FPMS9-3U00ADALX0 > 
ReadEntity : over flow * GovernmentAreaData

[2019-03-03 00:12:19Z] 00000010-AgebullMac:Background:EAEH-1-6VKT0DU2LY-BYFiF9QEFP > 
ReadEntity : over flow * OrganizationData

[2019-03-03 00:12:20Z] 000000DB-AgebullMac:Background:EAEH-7-4V3DKP6FUB-3ELHF0CB3C > 
Summary : Station no find

[2019-03-03 00:12:20Z] 000000DF-AgebullMac:Background:EAEH-7-G13YGD1LYR-H7DC6BU9CB > 
Summary : OnObjectFailed

[2019-03-03 00:12:36Z] 0000000E-AgebullMac:Background:XAVH-1-2F8UQFYM79-TUT0KDZLX0 > 
ReadEntity : over flow * GovernmentAreaData

[2019-03-03 00:12:36Z] 00000010-AgebullMac:Background:XAVH-1-XVDTQDA2AY-3Y8i696E5P > 
ReadEntity : over flow * OrganizationData

[2019-03-03 00:12:39Z] 000000DB-AgebullMac:Background:XAVH-7-55YRQT6KLR-Q66R0Ki8QF > 
Summary : Station no find

[2019-03-03 00:12:39Z] 000000DF-AgebullMac:Background:XAVH-7-50PHEJ50CU-ZSFP2R2HV3 > 
Summary : OnObjectFailed

[2019-03-03 00:13:13Z] 0000000E-AgebullMac:Background:4ANH-1-3F2UUFGMG9-iUL0MD1LR0 > 
ReadEntity : over flow * GovernmentAreaData

[2019-03-03 00:13:13Z] 00000010-AgebullMac:Background:4ANH-1-7VXTADV2XY-6YUi299ESP > 
ReadEntity : over flow * OrganizationData

[2019-03-03 00:13:16Z] 000000DB-AgebullMac:Background:4ANH-7-65HRFT6K8R-B6HR1KG8BF > 
Summary : Station no find

[2019-03-03 00:13:16Z] 000000DF-AgebullMac:Background:4ANH-7-D01HRJ70ZU-PS2PARKH53 > 
Summary : OnObjectFailed

[2019-03-03 00:15:02Z] 0000000E-AgebullMac:Background:HAQH-1-iF2UFF0MM9-3UV0AD1LV0 > 
ReadEntity : over flow * GovernmentAreaData

[2019-03-03 00:15:02Z] 00000010-AgebullMac:Background:HAQH-1-2VQTYD12WY-XYVii95E1P > 
ReadEntity : over flow * OrganizationData

[2019-03-03 00:15:05Z] 000000DA-AgebullMac:Background:HAQH-7-B0BHFJM0XU-0SJPBR8H33 > 
Summary : Station no find

[2019-03-03 00:15:05Z] 000000DE-AgebullMac:Background:HAQH-7-XQDC34K56C-Y6VU8SEiYS > 
Summary : OnObjectFailed

[2019-03-03 00:16:41Z] 0000000E-AgebullMac:Background:CAZH-1-BF6UDFGM99-5UH0MD2LW0 > 
ReadEntity : over flow * GovernmentAreaData

[2019-03-03 00:16:41Z] 00000010-AgebullMac:Background:CAZH-1-UVYTXDJ28Y-UYViP9XE4P > 
ReadEntity : over flow * OrganizationData

[2019-03-03 00:16:43Z] 000000DB-AgebullMac:Background:CAZH-8-Z91QTT24LR-KJE025iKQU > 
Summary : Station no find

[2019-03-03 00:16:43Z] 000000DF-AgebullMac:Background:CAZH-8-DER4DVi51K-T2SQ1D99JY > 
Summary : OnObjectFailed

[2019-03-03 00:28:58Z] 0000000E-AgebullMac:Background:LA6H-1-CFZUDFXMN9-RU001DNL60 > 
ReadEntity : over flow * GovernmentAreaData

[2019-03-03 00:28:58Z] 00000010-AgebullMac:Background:LA6H-1-AVATJDT2AY-FYZiH9HEWP > 
ReadEntity : over flow * OrganizationData

[2019-03-03 00:29:00Z] 000000DB-AgebullMac:Background:LA6H-7-WR1WHSJXRW-Ri652DN4WN > 
Summary : Station no find

[2019-03-03 00:29:00Z] 000000DF-AgebullMac:Background:LA6H-7-9Q2iK5PAEA-E7QCJPD5ZH > 
Summary : OnObjectFailed

[2019-03-03 00:39:05Z] 0000000E-AgebullMac:Background:VAWH-1-UF1UTFFMX9-FU005DNLE0 > 
ReadEntity : over flow * GovernmentAreaData

[2019-03-03 00:39:05Z] 00000010-AgebullMac:Background:VAWH-1-8VXTiDV2FY-DYRiY9REAP > 
ReadEntity : over flow * OrganizationData

[2019-03-03 00:39:08Z] 000000DB-AgebullMac:Background:VAWH-7-1V7DSPPFEB-XEiHU00BUC > 
Summary : Station no find

[2019-03-03 00:39:08Z] 000000DF-AgebullMac:Background:VAWH-7-E1LYTDXL6R-T78CJBG91B > 
Summary : OnObjectFailed

[2019-03-03 00:45:30Z] 0000000E-AgebullMac:Background:8A5H-1-WF9USF1MQ9-GU804DAL70 > 
ReadEntity : over flow * GovernmentAreaData

[2019-03-03 00:45:30Z] 00000010-AgebullMac:Background:8A5H-1-FV1T1D726Y-FY4iA9TEAP > 
ReadEntity : over flow * OrganizationData

[2019-03-03 00:45:32Z] 000000DA-AgebullMac:Background:8A5H-8-6Q97TN8ZGM-FE5HDPH4MW > 
Summary : Station no find

[2019-03-03 00:45:32Z] 000000DF-AgebullMac:Background:8A5H-8-694QBTC4ZR-LJB0G5BKSU > 
Summary : OnObjectFailed

[2019-03-03 00:46:22Z] 0000000E-AgebullMac:Background:LAGH-1-BFWUQF0M29-QUi0GDJLY0 > 
ReadEntity : over flow * GovernmentAreaData

[2019-03-03 00:46:22Z] 00000010-AgebullMac:Background:LAGH-1-EVKTJDJ2BY-4YAi392EiP > 
ReadEntity : over flow * OrganizationData

[2019-03-03 00:46:24Z] 000000DB-AgebullMac:Background:LAGH-8-iSJQiPQ7ZR-S5E43D0U5N > 
Summary : Station no find

[2019-03-03 00:46:24Z] 000000DF-AgebullMac:Background:LAGH-8-3BCMDW3QZ8-PTRC5NNYC5 > 
Summary : OnObjectFailed

[2019-03-03 00:49:56Z] 00000114-AgebullMac:Background:LAGH-14-#CE095406A647482BA68E0EC340BD7A27-Z37LR7-#CE095406A647482BA68E0EC340BD7A27-Z37LR7 > 
系统错误
System.FormatException: Input string was not in a correct format.
   at System.Number.StringToNumber(ReadOnlySpan`1 str, NumberStyles options, NumberBuffer& number, NumberFormatInfo info, Boolean parseDecimal)
   at System.Number.ParseInt64(ReadOnlySpan`1 value, NumberStyles options, NumberFormatInfo numfmt)
   at Agebull.Common.WebApi.ApiControlerEx.GetLongArg(String name, Int64 def)
   at Agebull.Common.OAuth.WebApi.Entity.OrganizationApiController.CreateData() in C:\Projects\Agebull\AgebullDesigner\demo\src\Base\Auth\ManageApi\Organization\OrganizationApiController.cs:line 64
   at Agebull.Common.WebApi.ApiController`4.DoDetails()
   at Agebull.Common.WebApi.ApiController`4.Details()
   at Details()
   at Agebull.ZeroNet.ZeroApi.ApiAction`1.Execute()
   at Agebull.ZeroNet.ZeroApi.ApiExecuter.ExecCommand(ApiCallItem item)

[2019-03-03 00:49:56Z] 00000116-AgebullMac:Background:LAGH-14-#CE095406A647482BA68E0EC340BD7A27-Z37LR7-#CE095406A647482BA68E0EC340BD7A27-Z37LR7 > 
系统错误
UserManage : sys/org/v1/edit/details * execute * {"LocalId":null,"Caller":"+>ubuntu:HttpRoute:YCQ9-UserManage-7BG6","Title":"+>ubuntu:HttpRoute:YCQ9-UserManage-7BG6","Command":"sys/org/v1/edit/details","ApiName":"sys/org/v1/edit/details","Argument":"{\"oid\":\"1pid=0\",\"id\":\"0\"}","Result":null,"Status":0,"Originals":{},"State":1,"Tag":0,"Head":"Kz51YnVudHU6SHR0cFJvdXRlOllDUTktVXNlck1hbmFnZS03Qkc2","GlobalId":"37436171902521733","CallId":"37436171902521731","RequestId":"#CE095406A647482BA68E0EC340BD7A27-Z37LR7","Context":"{\n  \"user\": {\n    \"userId\": 1,\n    \"openId\": \"KDP9M7NQFATCS\",\n    \"roleId\": 0,\n    \"groupId\": 0,\n    \"orgId\": 0,\n    \"depId\": 0,\n    \"nickName\": \"超级用户\",\n    \"account\": \"root\",\n    \"state\": 1,\n    \"loginType\": 0,\n    \"phone\": \"root\",\n    \"os\": \"LINUX\",\n    \"app\": \"APP\",\n    \"depLevel\": 0\n  },\n  \"org\": {\n    \"orgId\": 0,\n    \"name\": null,\n    \"key\": null,\n    \"routeName\": null\n  },\n  \"req\": {\n    \"localGlobalId\": \"37436171902521731\",\n    \"service\": \"ubuntu\",\n    \"requestId\": \"#CE095406A647482BA68E0EC340BD7A27-Z37LR7\",\n    \"token\": \"#CE095406A647482BA68E0EC340BD7A27\",\n    \"argumentType\": 1,\n    \"requestType\": 1,\n    \"ip\": \"192.168.1.198\",\n    \"port\": \"14728\",\n    \"userAgent\": \"Mozilla/5.0 (Windows NT 10.0; Win64; x64; rv:65.0) Gecko/20100101 Firefox/65.0\"\n  }\n}","Content":"{\"oid\":\"1pid=0\",\"id\":\"0\"}","CommandOrSubTitle":"sys/org/v1/edit/details","Requester":"HttpRoute","Station":null,"StationType":null}
System.FormatException: Input string was not in a correct format.
   at System.Number.StringToNumber(ReadOnlySpan`1 str, NumberStyles options, NumberBuffer& number, NumberFormatInfo info, Boolean parseDecimal)
   at System.Number.ParseInt64(ReadOnlySpan`1 value, NumberStyles options, NumberFormatInfo numfmt)
   at Agebull.Common.WebApi.ApiControlerEx.GetLongArg(String name, Int64 def)
   at Agebull.Common.OAuth.WebApi.Entity.OrganizationApiController.CreateData() in C:\Projects\Agebull\AgebullDesigner\demo\src\Base\Auth\ManageApi\Organization\OrganizationApiController.cs:line 64
   at Agebull.Common.WebApi.ApiController`4.DoDetails()
   at Agebull.Common.WebApi.ApiController`4.Details()
   at Details()
   at Agebull.ZeroNet.ZeroApi.ApiAction`1.Execute()
   at Agebull.ZeroNet.ZeroApi.ApiExecuter.ExecCommand(ApiCallItem item)

[2019-03-03 00:50:07Z] 00000119-AgebullMac:Background:LAGH-14-#CE095406A647482BA68E0EC340BD7A27-HT0PP1-#CE095406A647482BA68E0EC340BD7A27-HT0PP1 > 
系统错误
System.FormatException: Input string was not in a correct format.
   at System.Number.StringToNumber(ReadOnlySpan`1 str, NumberStyles options, NumberBuffer& number, NumberFormatInfo info, Boolean parseDecimal)
   at System.Number.ParseInt64(ReadOnlySpan`1 value, NumberStyles options, NumberFormatInfo numfmt)
   at Agebull.Common.WebApi.ApiControlerEx.GetLongArg(String name, Int64 def)
   at Agebull.Common.OAuth.WebApi.Entity.OrganizationApiController.CreateData() in C:\Projects\Agebull\AgebullDesigner\demo\src\Base\Auth\ManageApi\Organization\OrganizationApiController.cs:line 64
   at Agebull.Common.WebApi.ApiController`4.DoDetails()
   at Agebull.Common.WebApi.ApiController`4.Details()
   at Details()
   at Agebull.ZeroNet.ZeroApi.ApiAction`1.Execute()
   at Agebull.ZeroNet.ZeroApi.ApiExecuter.ExecCommand(ApiCallItem item)

[2019-03-03 00:50:07Z] 0000011B-AgebullMac:Background:LAGH-14-#CE095406A647482BA68E0EC340BD7A27-HT0PP1-#CE095406A647482BA68E0EC340BD7A27-HT0PP1 > 
系统错误
UserManage : sys/org/v1/edit/details * execute * {"LocalId":null,"Caller":"+>ubuntu:HttpRoute:YCQ9-UserManage-7BG6","Title":"+>ubuntu:HttpRoute:YCQ9-UserManage-7BG6","Command":"sys/org/v1/edit/details","ApiName":"sys/org/v1/edit/details","Argument":"{\"oid\":\"1pid=0\",\"id\":\"0\"}","Result":null,"Status":0,"Originals":{},"State":1,"Tag":0,"Head":"Kz51YnVudHU6SHR0cFJvdXRlOllDUTktVXNlck1hbmFnZS03Qkc2","GlobalId":"37436171902521736","CallId":"37436171902521734","RequestId":"#CE095406A647482BA68E0EC340BD7A27-HT0PP1","Context":"{\n  \"user\": {\n    \"userId\": 1,\n    \"openId\": \"KDP9M7NQFATCS\",\n    \"roleId\": 0,\n    \"groupId\": 0,\n    \"orgId\": 0,\n    \"depId\": 0,\n    \"nickName\": \"超级用户\",\n    \"account\": \"root\",\n    \"state\": 1,\n    \"loginType\": 0,\n    \"phone\": \"root\",\n    \"os\": \"LINUX\",\n    \"app\": \"APP\",\n    \"depLevel\": 0\n  },\n  \"org\": {\n    \"orgId\": 0,\n    \"name\": null,\n    \"key\": null,\n    \"routeName\": null\n  },\n  \"req\": {\n    \"localGlobalId\": \"37436171902521734\",\n    \"service\": \"ubuntu\",\n    \"requestId\": \"#CE095406A647482BA68E0EC340BD7A27-HT0PP1\",\n    \"token\": \"#CE095406A647482BA68E0EC340BD7A27\",\n    \"argumentType\": 1,\n    \"requestType\": 1,\n    \"ip\": \"192.168.1.198\",\n    \"port\": \"14728\",\n    \"userAgent\": \"Mozilla/5.0 (Windows NT 10.0; Win64; x64; rv:65.0) Gecko/20100101 Firefox/65.0\"\n  }\n}","Content":"{\"oid\":\"1pid=0\",\"id\":\"0\"}","CommandOrSubTitle":"sys/org/v1/edit/details","Requester":"HttpRoute","Station":null,"StationType":null}
System.FormatException: Input string was not in a correct format.
   at System.Number.StringToNumber(ReadOnlySpan`1 str, NumberStyles options, NumberBuffer& number, NumberFormatInfo info, Boolean parseDecimal)
   at System.Number.ParseInt64(ReadOnlySpan`1 value, NumberStyles options, NumberFormatInfo numfmt)
   at Agebull.Common.WebApi.ApiControlerEx.GetLongArg(String name, Int64 def)
   at Agebull.Common.OAuth.WebApi.Entity.OrganizationApiController.CreateData() in C:\Projects\Agebull\AgebullDesigner\demo\src\Base\Auth\ManageApi\Organization\OrganizationApiController.cs:line 64
   at Agebull.Common.WebApi.ApiController`4.DoDetails()
   at Agebull.Common.WebApi.ApiController`4.Details()
   at Details()
   at Agebull.ZeroNet.ZeroApi.ApiAction`1.Execute()
   at Agebull.ZeroNet.ZeroApi.ApiExecuter.ExecCommand(ApiCallItem item)

[2019-03-03 00:50:50Z] 0000011E-AgebullMac:Background:LAGH-14-#CE095406A647482BA68E0EC340BD7A27-1PBV4A-#CE095406A647482BA68E0EC340BD7A27-1PBV4A > 
系统错误
System.FormatException: Input string was not in a correct format.
   at System.Number.StringToNumber(ReadOnlySpan`1 str, NumberStyles options, NumberBuffer& number, NumberFormatInfo info, Boolean parseDecimal)
   at System.Number.ParseInt64(ReadOnlySpan`1 value, NumberStyles options, NumberFormatInfo numfmt)
   at Agebull.Common.WebApi.ApiControlerEx.GetLongArg(String name, Int64 def)
   at Agebull.Common.OAuth.WebApi.Entity.OrganizationApiController.CreateData() in C:\Projects\Agebull\AgebullDesigner\demo\src\Base\Auth\ManageApi\Organization\OrganizationApiController.cs:line 64
   at Agebull.Common.WebApi.ApiController`4.DoDetails()
   at Agebull.Common.WebApi.ApiController`4.Details()
   at Details()
   at Agebull.ZeroNet.ZeroApi.ApiAction`1.Execute()
   at Agebull.ZeroNet.ZeroApi.ApiExecuter.ExecCommand(ApiCallItem item)

[2019-03-03 00:50:50Z] 00000120-AgebullMac:Background:LAGH-14-#CE095406A647482BA68E0EC340BD7A27-1PBV4A-#CE095406A647482BA68E0EC340BD7A27-1PBV4A > 
系统错误
UserManage : sys/org/v1/edit/details * execute * {"LocalId":null,"Caller":"+>ubuntu:HttpRoute:YCQ9-UserManage-7BG6","Title":"+>ubuntu:HttpRoute:YCQ9-UserManage-7BG6","Command":"sys/org/v1/edit/details","ApiName":"sys/org/v1/edit/details","Argument":"{\"oid\":\"1pid=0\",\"id\":\"0\"}","Result":null,"Status":0,"Originals":{},"State":1,"Tag":0,"Head":"Kz51YnVudHU6SHR0cFJvdXRlOllDUTktVXNlck1hbmFnZS03Qkc2","GlobalId":"37436171902521739","CallId":"37436171902521737","RequestId":"#CE095406A647482BA68E0EC340BD7A27-1PBV4A","Context":"{\n  \"user\": {\n    \"userId\": 1,\n    \"openId\": \"KDP9M7NQFATCS\",\n    \"roleId\": 0,\n    \"groupId\": 0,\n    \"orgId\": 0,\n    \"depId\": 0,\n    \"nickName\": \"超级用户\",\n    \"account\": \"root\",\n    \"state\": 1,\n    \"loginType\": 0,\n    \"phone\": \"root\",\n    \"os\": \"LINUX\",\n    \"app\": \"APP\",\n    \"depLevel\": 0\n  },\n  \"org\": {\n    \"orgId\": 0,\n    \"name\": null,\n    \"key\": null,\n    \"routeName\": null\n  },\n  \"req\": {\n    \"localGlobalId\": \"37436171902521737\",\n    \"service\": \"ubuntu\",\n    \"requestId\": \"#CE095406A647482BA68E0EC340BD7A27-1PBV4A\",\n    \"token\": \"#CE095406A647482BA68E0EC340BD7A27\",\n    \"argumentType\": 1,\n    \"requestType\": 1,\n    \"ip\": \"192.168.1.198\",\n    \"port\": \"14728\",\n    \"userAgent\": \"Mozilla/5.0 (Windows NT 10.0; Win64; x64; rv:65.0) Gecko/20100101 Firefox/65.0\"\n  }\n}","Content":"{\"oid\":\"1pid=0\",\"id\":\"0\"}","CommandOrSubTitle":"sys/org/v1/edit/details","Requester":"HttpRoute","Station":null,"StationType":null}
System.FormatException: Input string was not in a correct format.
   at System.Number.StringToNumber(ReadOnlySpan`1 str, NumberStyles options, NumberBuffer& number, NumberFormatInfo info, Boolean parseDecimal)
   at System.Number.ParseInt64(ReadOnlySpan`1 value, NumberStyles options, NumberFormatInfo numfmt)
   at Agebull.Common.WebApi.ApiControlerEx.GetLongArg(String name, Int64 def)
   at Agebull.Common.OAuth.WebApi.Entity.OrganizationApiController.CreateData() in C:\Projects\Agebull\AgebullDesigner\demo\src\Base\Auth\ManageApi\Organization\OrganizationApiController.cs:line 64
   at Agebull.Common.WebApi.ApiController`4.DoDetails()
   at Agebull.Common.WebApi.ApiController`4.Details()
   at Details()
   at Agebull.ZeroNet.ZeroApi.ApiAction`1.Execute()
   at Agebull.ZeroNet.ZeroApi.ApiExecuter.ExecCommand(ApiCallItem item)

[2019-03-03 00:51:28Z] 00000123-AgebullMac:Background:LAGH-14-#CE095406A647482BA68E0EC340BD7A27-1L51WB-#CE095406A647482BA68E0EC340BD7A27-1L51WB > 
系统错误
System.FormatException: Input string was not in a correct format.
   at System.Number.StringToNumber(ReadOnlySpan`1 str, NumberStyles options, NumberBuffer& number, NumberFormatInfo info, Boolean parseDecimal)
   at System.Number.ParseInt64(ReadOnlySpan`1 value, NumberStyles options, NumberFormatInfo numfmt)
   at Agebull.Common.WebApi.ApiControlerEx.GetLongArg(String name, Int64 def)
   at Agebull.Common.OAuth.WebApi.Entity.OrganizationApiController.CreateData() in C:\Projects\Agebull\AgebullDesigner\demo\src\Base\Auth\ManageApi\Organization\OrganizationApiController.cs:line 64
   at Agebull.Common.WebApi.ApiController`4.DoDetails()
   at Agebull.Common.WebApi.ApiController`4.Details()
   at Details()
   at Agebull.ZeroNet.ZeroApi.ApiAction`1.Execute()
   at Agebull.ZeroNet.ZeroApi.ApiExecuter.ExecCommand(ApiCallItem item)

[2019-03-03 00:51:28Z] 00000125-AgebullMac:Background:LAGH-14-#CE095406A647482BA68E0EC340BD7A27-1L51WB-#CE095406A647482BA68E0EC340BD7A27-1L51WB > 
系统错误
UserManage : sys/org/v1/edit/details * execute * {"LocalId":null,"Caller":"+>ubuntu:HttpRoute:YCQ9-UserManage-7BG6","Title":"+>ubuntu:HttpRoute:YCQ9-UserManage-7BG6","Command":"sys/org/v1/edit/details","ApiName":"sys/org/v1/edit/details","Argument":"{\"oid\":\"1pid=0\",\"id\":\"0\"}","Result":null,"Status":0,"Originals":{},"State":1,"Tag":0,"Head":"Kz51YnVudHU6SHR0cFJvdXRlOllDUTktVXNlck1hbmFnZS03Qkc2","GlobalId":"37436171902521742","CallId":"37436171902521740","RequestId":"#CE095406A647482BA68E0EC340BD7A27-1L51WB","Context":"{\n  \"user\": {\n    \"userId\": 1,\n    \"openId\": \"KDP9M7NQFATCS\",\n    \"roleId\": 0,\n    \"groupId\": 0,\n    \"orgId\": 0,\n    \"depId\": 0,\n    \"nickName\": \"超级用户\",\n    \"account\": \"root\",\n    \"state\": 1,\n    \"loginType\": 0,\n    \"phone\": \"root\",\n    \"os\": \"LINUX\",\n    \"app\": \"APP\",\n    \"depLevel\": 0\n  },\n  \"org\": {\n    \"orgId\": 0,\n    \"name\": null,\n    \"key\": null,\n    \"routeName\": null\n  },\n  \"req\": {\n    \"localGlobalId\": \"37436171902521740\",\n    \"service\": \"ubuntu\",\n    \"requestId\": \"#CE095406A647482BA68E0EC340BD7A27-1L51WB\",\n    \"token\": \"#CE095406A647482BA68E0EC340BD7A27\",\n    \"argumentType\": 1,\n    \"requestType\": 1,\n    \"ip\": \"192.168.1.198\",\n    \"port\": \"14728\",\n    \"userAgent\": \"Mozilla/5.0 (Windows NT 10.0; Win64; x64; rv:65.0) Gecko/20100101 Firefox/65.0\"\n  }\n}","Content":"{\"oid\":\"1pid=0\",\"id\":\"0\"}","CommandOrSubTitle":"sys/org/v1/edit/details","Requester":"HttpRoute","Station":null,"StationType":null}
System.FormatException: Input string was not in a correct format.
   at System.Number.StringToNumber(ReadOnlySpan`1 str, NumberStyles options, NumberBuffer& number, NumberFormatInfo info, Boolean parseDecimal)
   at System.Number.ParseInt64(ReadOnlySpan`1 value, NumberStyles options, NumberFormatInfo numfmt)
   at Agebull.Common.WebApi.ApiControlerEx.GetLongArg(String name, Int64 def)
   at Agebull.Common.OAuth.WebApi.Entity.OrganizationApiController.CreateData() in C:\Projects\Agebull\AgebullDesigner\demo\src\Base\Auth\ManageApi\Organization\OrganizationApiController.cs:line 64
   at Agebull.Common.WebApi.ApiController`4.DoDetails()
   at Agebull.Common.WebApi.ApiController`4.Details()
   at Details()
   at Agebull.ZeroNet.ZeroApi.ApiAction`1.Execute()
   at Agebull.ZeroNet.ZeroApi.ApiExecuter.ExecCommand(ApiCallItem item)

[2019-03-03 01:01:49Z] 0000000E-AgebullMac:Background:HACH-1-VFJURFUMK9-RU40QD9LL0 > 
ReadEntity : over flow * GovernmentAreaData

[2019-03-03 01:01:49Z] 00000010-AgebullMac:Background:HACH-1-FVQTYD22PY-0YPiA9AE6P > 
ReadEntity : over flow * OrganizationData

[2019-03-03 01:01:51Z] 000000DB-AgebullMac:Background:HACH-7-8RTWESRXFW-2iJ52DM4YN > 
Summary : Station no find

[2019-03-03 01:01:51Z] 000000DF-AgebullMac:Background:HACH-7-RQCiT5YAMA-G7ECHP65KH > 
Summary : OnObjectFailed

[2019-03-03 01:14:47Z] 0000000E-AgebullMac:Background:1A6H-1-4FVUWFPM79-KU50AD9L40 > 
ReadEntity : over flow * GovernmentAreaData

[2019-03-03 01:14:47Z] 00000010-AgebullMac:Background:1A6H-1-SVCTGD42iY-XY6iW91ECP > 
ReadEntity : over flow * OrganizationData

[2019-03-03 01:14:49Z] 000000DB-AgebullMac:Background:1A6H-8-BSWQ5PG7QR-G5R4KDCUKN > 
Summary : Station no find

[2019-03-03 01:14:49Z] 000000DF-AgebullMac:Background:1A6H-8-7BMMVWVQU8-CTGCANSYP5 > 
Summary : OnObjectFailed

